========================================================================
Region Started at 08/05/2007 16:52:07
Main.cs:Startup() - Loading configuration
Name [OpenSim test]: k
Grid Location X [997]: 
Grid Location Y [996]: 
Filename for local storage [localworld.yap]: 
UDP port for client connections [9000]: 
IP Address to listen on for client connections [127.0.0.1]: 
Sim settings loaded:
UUID: eb1857e7-7031-42bb-b32d-90ce598788e1
Name: k
Region Location: [997,996]
Region Handle: 1096213093147648
Listening on IP: 127.0.0.1:9000
Sandbox Mode? True
Asset URL: 
Asset key: 
Grid URL: 
Grid key: 
Starting in Sandbox mode
Local Asset Server class created
Db4 Asset database  creation
Local Grid Server class created
Main.cs:Startup() - We are k at 997,996
Initialising world
World.cs - creating new entitities instance
World.cs - creating LandMap
Avatar.cs:LoadAnims() - Loading avatar animations
Db4LocalStorage Opening localworld.yap
Db4LocalStorage creation
LoadWorld() - Loading world....
LoadWorld() - Looking for a heightmap in local DB
Main.cs:Startup() - Starting up messaging system
creating basicphysics
World.cs: LoadPrimsFromStorage() - Loading primitives
Db4LocalStorage.cs: LoadPrimitives() - number of prims in storages is 0
Main.cs:Startup() - Initialising HTTP server
Main.cs:Startup() - Starting HTTP server
BaseHttpServer.cs: Starting up HTTP Server
BaseHttpServer.cs: StartHTTP() - Spawned main thread OK
Main.cs:MainServerListener() - New thread started
Main.cs:MainServerListener() - Opening UDP socket on 127.0.0.1:9000
Main.cs:MainServerListener() - UDP socket bound, getting ready to listen
Main.cs:MainServerListener() - Listening...
Region# : OpenSimClient.cs - Started up new client thread to handle incoming request
OpenSimClient.cs:AuthUser() - Got authenticated connection from 127.0.0.1:3936
OpenSimClient.cs:InitNewClient() - Adding viewer agent to world
World.cs:AddViewerAgent() - Creating new avatar for remote viewer agent
Avatar.cs - Loading details from grid (DUMMY)
World.cs:AddViewerAgent() - Adding new avatar to world
World.cs:AddViewerAgent() - Starting RegionHandshake 
Avatar.cs:SendRegionHandshake() - Creating empty RegionHandshake packet
Avatar.cs:SendRegionhandshake() - Filling in RegionHandshake details
Avatar.cs:SendRegionHandshake() - Sending RegionHandshake packet
OpenSimClient.cs:ClientLoop() - Entered loop
Resending RegionHandshake packet, 4172ms have passed
Resending UpdateCreateInventoryItem packet, 4172ms have passed
Resending UpdateCreateInventoryItem packet, 4156ms have passed
Resending UpdateCreateInventoryItem packet, 4156ms have passed
Resending UpdateCreateInventoryItem packet, 4156ms have passed
Resending UpdateCreateInventoryItem packet, 4156ms have passed
Avatar.cs:CompleteMovement() - Constructing AgentMovementComplete packet
OpenSimClient.cs:ProcessInPacket() - Got a logout request
